[2015-08-25 13:16:07] START
[2015-08-25 13:18:23] EDIT YEIRegistratieversie2/models/db.py: 53
[2015-08-25 14:06:28] EDIT YEIRegistratieversie2/models/db.py: 4
[2015-08-25 14:07:44] EDIT YEIRegistratieversie2/models/db.py: 3
[2015-08-25 14:09:10] EDIT YEIRegistratieversie2/models/db.py: 0
[2015-08-25 14:10:23] EDIT YEIRegistratieversie2/models/db.py: -3
[2015-08-25 14:11:14] EDIT YEIRegistratieversie2/models/db.py: 0
[2015-08-25 14:13:09] EDIT YEIRegistratieversie2/models/db.py: 0
[2015-08-25 14:38:53] EDIT YEIRegistratieversie2/models/db.py: 0
[2015-08-25 15:17:49] EDIT YEIRegistratieversie2/models/db.py: 6
[2015-08-31 12:51:51] EDIT YEIRegistratieversie2/controllers/difficultie.py: 0
[2015-08-31 12:52:13] EDIT YEIRegistratieversie2/controllers/difficultie.py: 0
[2015-08-31 12:53:00] EDIT YEIRegistratieversie2/controllers/difficultie.py: 0
[2015-08-31 12:53:20] EDIT YEIRegistratieversie2/controllers/difficultie.py: 0
[2015-08-31 12:53:22] EDIT YEIRegistratieversie2/controllers/difficultie.py: 0
[2015-08-31 12:53:24] EDIT YEIRegistratieversie2/controllers/difficultie.py: 0
[2015-08-31 12:53:24] EDIT YEIRegistratieversie2/controllers/difficultie.py: 0
[2015-08-31 12:53:24] EDIT YEIRegistratieversie2/controllers/difficultie.py: 0
[2015-08-31 12:54:07] EDIT YEIRegistratieversie2/controllers/difficultie.py: 0
[2015-08-31 12:55:44] EDIT YEIRegistratieversie2/controllers/difficultie.py: 1
[2015-08-31 12:55:47] EDIT YEIRegistratieversie2/controllers/difficultie.py: 0
[2015-08-31 12:55:48] EDIT YEIRegistratieversie2/controllers/difficultie.py: 0
[2015-08-31 12:55:48] EDIT YEIRegistratieversie2/controllers/difficultie.py: 0
[2015-08-31 12:55:48] EDIT YEIRegistratieversie2/controllers/difficultie.py: 0
[2015-08-31 12:55:48] EDIT YEIRegistratieversie2/controllers/difficultie.py: 0
[2015-08-31 12:55:48] EDIT YEIRegistratieversie2/controllers/difficultie.py: 0
[2015-08-31 12:55:48] EDIT YEIRegistratieversie2/controllers/difficultie.py: 0
[2015-08-31 12:55:48] EDIT YEIRegistratieversie2/controllers/difficultie.py: 0
[2015-09-01 11:06:31] EDIT YEIRegistratieversie2/controllers/talk.py: 0
[2015-09-01 11:07:11] EDIT YEIRegistratieversie2/controllers/talk.py: 0
[2015-09-01 11:35:46] EDIT YEIRegistratieversie2/controllers/talk.py: 0
[2015-09-01 12:18:49] EDIT YEIRegistratieversie2/controllers/guest_competence.py: 0
[2015-09-03 11:27:32] EDIT YEIRegistratieversie2/controllers/talk.py: 0
[2015-09-03 11:27:52] EDIT YEIRegistratieversie2/controllers/talk.py: 0
[2015-09-03 11:53:14] EDIT YEIRegistratieversie2/controllers/talk.py: 0
[2015-09-07 12:34:24] EDIT YEIRegistratieversie2/controllers/guest.py: 0
[2015-09-07 12:35:21] EDIT YEIRegistratieversie2/controllers/guest.py: 0
[2015-09-07 12:36:53] EDIT YEIRegistratieversie2/controllers/guest.py: 0
[2015-09-07 12:49:42] EDIT YEIRegistratieversie2/controllers/guest.py: 0
[2015-09-07 12:50:28] EDIT YEIRegistratieversie2/controllers/guest.py: 0
[2015-11-04 11:36:10] EDIT YEIRegistratieversie2/controllers/talk.py: 0
[2015-11-04 11:36:41] EDIT YEIRegistratieversie2/controllers/talk.py: 0
[2015-11-04 11:36:43] EDIT YEIRegistratieversie2/controllers/talk.py: 0
[2015-11-04 11:36:49] EDIT YEIRegistratieversie2/controllers/talk.py: 0
[2015-11-04 11:36:54] EDIT YEIRegistratieversie2/controllers/talk.py: 0
[2015-11-04 11:37:49] EDIT YEIRegistratieversie2/controllers/talk.py: 0
[2015-11-04 11:40:26] EDIT YEIRegistratieversie2/controllers/talk.py: 0
[2015-11-04 11:40:38] EDIT YEIRegistratieversie2/controllers/talk.py: 0
[2015-11-04 11:42:17] EDIT YEIRegistratieversie2/controllers/talk.py: 0
[2015-11-04 12:12:27] EDIT YEIRegistratieversie2/controllers/talk.py: 0
[2015-11-04 12:12:40] EDIT YEIRegistratieversie2/controllers/talk.py: 0
[2015-12-04 10:45:47] EDIT YeiGedoe/controllers/things_to_do.py: 0
